<?xml version="1.0" encoding="UTF-8"?>
<!-- Generated by org.testng.reporters.JUnitReportReporter -->
<testsuite hostname="Sasikumar" failures="0" tests="1" name="cucumberOptions.TestNGTestcaseRunner" time="15.404" errors="0" timestamp="2024-01-10T15:35:38 IST" skipped="0">
  <testcase classname="cucumberOptions.TestNGTestcaseRunner" name="runScenario" time="15.404"/>
</testsuite> <!-- cucumberOptions.TestNGTestcaseRunner -->
