<?xml version="1.0" encoding="UTF-8"?>
<!-- Generated by org.testng.reporters.JUnitReportReporter -->
<testsuite hostname="Sasikumar" failures="0" tests="2" name="cucumberOptions.TestNGList" time="21.191" errors="0" timestamp="2024-01-11T01:27:42 IST" skipped="0">
  <testcase classname="cucumberOptions.TestNGList" name="runScenario" time="9.889"/>
  <testcase classname="cucumberOptions.TestNGList" name="runScenario" time="11.302"/>
</testsuite> <!-- cucumberOptions.TestNGList -->
